mode: set
github.com/grpc-ecosystem/grpc-gateway/v2/protoc-gen-grpc-gateway/internal/gengateway/generator.go:29.52,43.4 2 0
github.com/grpc-ecosystem/grpc-gateway/v2/protoc-gen-grpc-gateway/internal/gengateway/generator.go:43.4,48.71 2 0
github.com/grpc-ecosystem/grpc-gateway/v2/protoc-gen-grpc-gateway/internal/gengateway/generator.go:48.71,49.22 1 0
github.com/grpc-ecosystem/grpc-gateway/v2/protoc-gen-grpc-gateway/internal/gengateway/generator.go:49.22,51.70 2 0
github.com/grpc-ecosystem/grpc-gateway/v2/protoc-gen-grpc-gateway/internal/gengateway/generator.go:51.70,52.14 1 0
github.com/grpc-ecosystem/grpc-gateway/v2/protoc-gen-grpc-gateway/internal/gengateway/generator.go:54.5,55.10 2 0
github.com/grpc-ecosystem/grpc-gateway/v2/protoc-gen-grpc-gateway/internal/gengateway/generator.go:58.3,58.33 1 0
github.com/grpc-ecosystem/grpc-gateway/v2/protoc-gen-grpc-gateway/internal/gengateway/generator.go:61.2,68.3 1 0
github.com/grpc-ecosystem/grpc-gateway/v2/protoc-gen-grpc-gateway/internal/gengateway/generator.go:70.104,71.24 1 1
github.com/grpc-ecosystem/grpc-gateway/v2/protoc-gen-grpc-gateway/internal/gengateway/generator.go:71.24,73.3 1 0
github.com/grpc-ecosystem/grpc-gateway/v2/protoc-gen-grpc-gateway/internal/gengateway/generator.go:74.2,75.16 2 1
github.com/grpc-ecosystem/grpc-gateway/v2/protoc-gen-grpc-gateway/internal/gengateway/generator.go:75.16,77.3 1 0
github.com/grpc-ecosystem/grpc-gateway/v2/protoc-gen-grpc-gateway/internal/gengateway/generator.go:78.2,79.16 2 1
github.com/grpc-ecosystem/grpc-gateway/v2/protoc-gen-grpc-gateway/internal/gengateway/generator.go:79.16,82.3 2 0
github.com/grpc-ecosystem/grpc-gateway/v2/protoc-gen-grpc-gateway/internal/gengateway/generator.go:84.2,92.15 3 1
github.com/grpc-ecosystem/grpc-gateway/v2/protoc-gen-grpc-gateway/internal/gengateway/generator.go:94.94,97.31 3 1
github.com/grpc-ecosystem/grpc-gateway/v2/protoc-gen-grpc-gateway/internal/gengateway/generator.go:97.31,98.19 1 1
github.com/grpc-ecosystem/grpc-gateway/v2/protoc-gen-grpc-gateway/internal/gengateway/generator.go:98.19,100.4 1 0
github.com/grpc-ecosystem/grpc-gateway/v2/protoc-gen-grpc-gateway/internal/gengateway/generator.go:102.3,103.41 2 1
github.com/grpc-ecosystem/grpc-gateway/v2/protoc-gen-grpc-gateway/internal/gengateway/generator.go:103.41,104.20 1 0
github.com/grpc-ecosystem/grpc-gateway/v2/protoc-gen-grpc-gateway/internal/gengateway/generator.go:104.20,106.5 1 0
github.com/grpc-ecosystem/grpc-gateway/v2/protoc-gen-grpc-gateway/internal/gengateway/generator.go:107.4,107.12 1 0
github.com/grpc-ecosystem/grpc-gateway/v2/protoc-gen-grpc-gateway/internal/gengateway/generator.go:109.3,109.17 1 1
github.com/grpc-ecosystem/grpc-gateway/v2/protoc-gen-grpc-gateway/internal/gengateway/generator.go:109.17,111.4 1 0
github.com/grpc-ecosystem/grpc-gateway/v2/protoc-gen-grpc-gateway/internal/gengateway/generator.go:112.3,113.17 2 1
github.com/grpc-ecosystem/grpc-gateway/v2/protoc-gen-grpc-gateway/internal/gengateway/generator.go:113.17,116.4 2 0
github.com/grpc-ecosystem/grpc-gateway/v2/protoc-gen-grpc-gateway/internal/gengateway/generator.go:117.3,124.42 2 1
github.com/grpc-ecosystem/grpc-gateway/v2/protoc-gen-grpc-gateway/internal/gengateway/generator.go:126.2,126.23 1 1
github.com/grpc-ecosystem/grpc-gateway/v2/protoc-gen-grpc-gateway/internal/gengateway/generator.go:126.23,128.17 2 1
github.com/grpc-ecosystem/grpc-gateway/v2/protoc-gen-grpc-gateway/internal/gengateway/generator.go:128.17,130.4 1 0
github.com/grpc-ecosystem/grpc-gateway/v2/protoc-gen-grpc-gateway/internal/gengateway/generator.go:131.3,131.34 1 1
github.com/grpc-ecosystem/grpc-gateway/v2/protoc-gen-grpc-gateway/internal/gengateway/generator.go:133.2,133.19 1 1
github.com/grpc-ecosystem/grpc-gateway/v2/protoc-gen-grpc-gateway/internal/gengateway/generator.go:136.92,139.36 3 1
github.com/grpc-ecosystem/grpc-gateway/v2/protoc-gen-grpc-gateway/internal/gengateway/generator.go:139.36,142.3 2 0
github.com/grpc-ecosystem/grpc-gateway/v2/protoc-gen-grpc-gateway/internal/gengateway/generator.go:144.2,144.18 1 1
github.com/grpc-ecosystem/grpc-gateway/v2/protoc-gen-grpc-gateway/internal/gengateway/generator.go:144.18,146.3 1 0
github.com/grpc-ecosystem/grpc-gateway/v2/protoc-gen-grpc-gateway/internal/gengateway/generator.go:148.2,148.36 1 1
github.com/grpc-ecosystem/grpc-gateway/v2/protoc-gen-grpc-gateway/internal/gengateway/generator.go:148.36,149.33 1 1
github.com/grpc-ecosystem/grpc-gateway/v2/protoc-gen-grpc-gateway/internal/gengateway/generator.go:149.33,153.44 3 1
github.com/grpc-ecosystem/grpc-gateway/v2/protoc-gen-grpc-gateway/internal/gengateway/generator.go:153.44,154.13 1 1
github.com/grpc-ecosystem/grpc-gateway/v2/protoc-gen-grpc-gateway/internal/gengateway/generator.go:156.4,157.34 2 0
github.com/grpc-ecosystem/grpc-gateway/v2/protoc-gen-grpc-gateway/internal/gengateway/generator.go:160.2,167.18 2 1
github.com/grpc-ecosystem/grpc-gateway/v2/protoc-gen-grpc-gateway/internal/gengateway/generator.go:167.18,169.3 1 1
github.com/grpc-ecosystem/grpc-gateway/v2/protoc-gen-grpc-gateway/internal/gengateway/generator.go:170.2,170.37 1 1
github.com/grpc-ecosystem/grpc-gateway/v2/protoc-gen-grpc-gateway/internal/gengateway/generator.go:174.138,176.31 2 1
github.com/grpc-ecosystem/grpc-gateway/v2/protoc-gen-grpc-gateway/internal/gengateway/generator.go:176.31,177.34 1 1
github.com/grpc-ecosystem/grpc-gateway/v2/protoc-gen-grpc-gateway/internal/gengateway/generator.go:177.34,179.18 2 0
github.com/grpc-ecosystem/grpc-gateway/v2/protoc-gen-grpc-gateway/internal/gengateway/generator.go:179.18,180.13 1 0
github.com/grpc-ecosystem/grpc-gateway/v2/protoc-gen-grpc-gateway/internal/gengateway/generator.go:182.4,183.46 2 0
github.com/grpc-ecosystem/grpc-gateway/v2/protoc-gen-grpc-gateway/internal/gengateway/generator.go:183.46,184.13 1 0
github.com/grpc-ecosystem/grpc-gateway/v2/protoc-gen-grpc-gateway/internal/gengateway/generator.go:186.4,187.34 2 0
github.com/grpc-ecosystem/grpc-gateway/v2/protoc-gen-grpc-gateway/internal/gengateway/generator.go:190.2,190.16 1 1
github.com/grpc-ecosystem/grpc-gateway/v2/protoc-gen-grpc-gateway/internal/gengateway/template.go:47.44,48.49 1 0
github.com/grpc-ecosystem/grpc-gateway/v2/protoc-gen-grpc-gateway/internal/gengateway/template.go:48.49,50.3 1 0
github.com/grpc-ecosystem/grpc-gateway/v2/protoc-gen-grpc-gateway/internal/gengateway/template.go:51.2,51.12 1 0
github.com/grpc-ecosystem/grpc-gateway/v2/protoc-gen-grpc-gateway/internal/gengateway/template.go:55.59,56.49 1 0
github.com/grpc-ecosystem/grpc-gateway/v2/protoc-gen-grpc-gateway/internal/gengateway/template.go:56.49,58.3 1 0
github.com/grpc-ecosystem/grpc-gateway/v2/protoc-gen-grpc-gateway/internal/gengateway/template.go:59.2,59.46 1 0
github.com/grpc-ecosystem/grpc-gateway/v2/protoc-gen-grpc-gateway/internal/gengateway/template.go:66.39,67.49 1 1
github.com/grpc-ecosystem/grpc-gateway/v2/protoc-gen-grpc-gateway/internal/gengateway/template.go:67.49,69.3 1 1
github.com/grpc-ecosystem/grpc-gateway/v2/protoc-gen-grpc-gateway/internal/gengateway/template.go:70.2,71.48 2 0
github.com/grpc-ecosystem/grpc-gateway/v2/protoc-gen-grpc-gateway/internal/gengateway/template.go:71.48,73.3 1 0
github.com/grpc-ecosystem/grpc-gateway/v2/protoc-gen-grpc-gateway/internal/gengateway/template.go:74.2,74.19 1 0
github.com/grpc-ecosystem/grpc-gateway/v2/protoc-gen-grpc-gateway/internal/gengateway/template.go:74.19,76.3 1 0
github.com/grpc-ecosystem/grpc-gateway/v2/protoc-gen-grpc-gateway/internal/gengateway/template.go:77.2,77.33 1 0
github.com/grpc-ecosystem/grpc-gateway/v2/protoc-gen-grpc-gateway/internal/gengateway/template.go:77.33,79.3 1 0
github.com/grpc-ecosystem/grpc-gateway/v2/protoc-gen-grpc-gateway/internal/gengateway/template.go:80.2,80.24 1 0
github.com/grpc-ecosystem/grpc-gateway/v2/protoc-gen-grpc-gateway/internal/gengateway/template.go:83.54,85.19 2 0
github.com/grpc-ecosystem/grpc-gateway/v2/protoc-gen-grpc-gateway/internal/gengateway/template.go:85.19,87.3 1 0
github.com/grpc-ecosystem/grpc-gateway/v2/protoc-gen-grpc-gateway/internal/gengateway/template.go:88.2,88.33 1 0
github.com/grpc-ecosystem/grpc-gateway/v2/protoc-gen-grpc-gateway/internal/gengateway/template.go:88.33,90.3 1 0
github.com/grpc-ecosystem/grpc-gateway/v2/protoc-gen-grpc-gateway/internal/gengateway/template.go:91.2,91.57 1 0
github.com/grpc-ecosystem/grpc-gateway/v2/protoc-gen-grpc-gateway/internal/gengateway/template.go:96.42,98.2 1 0
github.com/grpc-ecosystem/grpc-gateway/v2/protoc-gen-grpc-gateway/internal/gengateway/template.go:102.50,104.2 1 0
github.com/grpc-ecosystem/grpc-gateway/v2/protoc-gen-grpc-gateway/internal/gengateway/template.go:109.55,110.33 1 0
github.com/grpc-ecosystem/grpc-gateway/v2/protoc-gen-grpc-gateway/internal/gengateway/template.go:110.33,111.47 1 0
github.com/grpc-ecosystem/grpc-gateway/v2/protoc-gen-grpc-gateway/internal/gengateway/template.go:111.47,113.4 1 0
github.com/grpc-ecosystem/grpc-gateway/v2/protoc-gen-grpc-gateway/internal/gengateway/template.go:115.2,115.14 1 0
github.com/grpc-ecosystem/grpc-gateway/v2/protoc-gen-grpc-gateway/internal/gengateway/template.go:119.70,121.16 2 0
github.com/grpc-ecosystem/grpc-gateway/v2/protoc-gen-grpc-gateway/internal/gengateway/template.go:121.16,123.3 1 0
github.com/grpc-ecosystem/grpc-gateway/v2/protoc-gen-grpc-gateway/internal/gengateway/template.go:124.2,124.10 1 0
github.com/grpc-ecosystem/grpc-gateway/v2/protoc-gen-grpc-gateway/internal/gengateway/template.go:129.42,131.48 2 0
github.com/grpc-ecosystem/grpc-gateway/v2/protoc-gen-grpc-gateway/internal/gengateway/template.go:131.48,132.54 1 0
github.com/grpc-ecosystem/grpc-gateway/v2/protoc-gen-grpc-gateway/internal/gengateway/template.go:132.54,134.29 1 0
github.com/grpc-ecosystem/grpc-gateway/v2/protoc-gen-grpc-gateway/internal/gengateway/template.go:134.29,136.5 1 0
github.com/grpc-ecosystem/grpc-gateway/v2/protoc-gen-grpc-gateway/internal/gengateway/template.go:137.4,137.22 1 0
github.com/grpc-ecosystem/grpc-gateway/v2/protoc-gen-grpc-gateway/internal/gengateway/template.go:140.2,140.27 1 0
github.com/grpc-ecosystem/grpc-gateway/v2/protoc-gen-grpc-gateway/internal/gengateway/template.go:140.27,142.3 1 0
github.com/grpc-ecosystem/grpc-gateway/v2/protoc-gen-grpc-gateway/internal/gengateway/template.go:143.2,143.11 1 0
github.com/grpc-ecosystem/grpc-gateway/v2/protoc-gen-grpc-gateway/internal/gengateway/template.go:151.43,153.35 2 0
github.com/grpc-ecosystem/grpc-gateway/v2/protoc-gen-grpc-gateway/internal/gengateway/template.go:153.35,155.3 1 0
github.com/grpc-ecosystem/grpc-gateway/v2/protoc-gen-grpc-gateway/internal/gengateway/template.go:156.2,157.119 2 0
github.com/grpc-ecosystem/grpc-gateway/v2/protoc-gen-grpc-gateway/internal/gengateway/template.go:173.103,181.56 3 1
github.com/grpc-ecosystem/grpc-gateway/v2/protoc-gen-grpc-gateway/internal/gengateway/template.go:181.56,183.3 1 0
github.com/grpc-ecosystem/grpc-gateway/v2/protoc-gen-grpc-gateway/internal/gengateway/template.go:184.2,184.24 1 1
github.com/grpc-ecosystem/grpc-gateway/v2/protoc-gen-grpc-gateway/internal/gengateway/template.go:186.94,188.53 2 1
github.com/grpc-ecosystem/grpc-gateway/v2/protoc-gen-grpc-gateway/internal/gengateway/template.go:188.53,190.3 1 0
github.com/grpc-ecosystem/grpc-gateway/v2/protoc-gen-grpc-gateway/internal/gengateway/template.go:191.2,193.33 2 1
github.com/grpc-ecosystem/grpc-gateway/v2/protoc-gen-grpc-gateway/internal/gengateway/template.go:193.33,196.3 2 1
github.com/grpc-ecosystem/grpc-gateway/v2/protoc-gen-grpc-gateway/internal/gengateway/template.go:198.2,198.33 1 1
github.com/grpc-ecosystem/grpc-gateway/v2/protoc-gen-grpc-gateway/internal/gengateway/template.go:198.33,203.36 4 1
github.com/grpc-ecosystem/grpc-gateway/v2/protoc-gen-grpc-gateway/internal/gengateway/template.go:203.36,204.20 1 1
github.com/grpc-ecosystem/grpc-gateway/v2/protoc-gen-grpc-gateway/internal/gengateway/template.go:204.20,206.5 1 0
github.com/grpc-ecosystem/grpc-gateway/v2/protoc-gen-grpc-gateway/internal/gengateway/template.go:207.4,209.36 3 1
github.com/grpc-ecosystem/grpc-gateway/v2/protoc-gen-grpc-gateway/internal/gengateway/template.go:209.36,210.96 1 1
github.com/grpc-ecosystem/grpc-gateway/v2/protoc-gen-grpc-gateway/internal/gengateway/template.go:210.96,212.6 1 0
github.com/grpc-ecosystem/grpc-gateway/v2/protoc-gen-grpc-gateway/internal/gengateway/template.go:214.5,219.20 2 1
github.com/grpc-ecosystem/grpc-gateway/v2/protoc-gen-grpc-gateway/internal/gengateway/template.go:219.20,221.6 1 0
github.com/grpc-ecosystem/grpc-gateway/v2/protoc-gen-grpc-gateway/internal/gengateway/template.go:224.5,228.20 1 1
github.com/grpc-ecosystem/grpc-gateway/v2/protoc-gen-grpc-gateway/internal/gengateway/template.go:228.20,230.6 1 0
github.com/grpc-ecosystem/grpc-gateway/v2/protoc-gen-grpc-gateway/internal/gengateway/template.go:233.3,233.29 1 1
github.com/grpc-ecosystem/grpc-gateway/v2/protoc-gen-grpc-gateway/internal/gengateway/template.go:233.29,235.4 1 1
github.com/grpc-ecosystem/grpc-gateway/v2/protoc-gen-grpc-gateway/internal/gengateway/template.go:237.2,237.30 1 1
github.com/grpc-ecosystem/grpc-gateway/v2/protoc-gen-grpc-gateway/internal/gengateway/template.go:237.30,239.3 1 0
github.com/grpc-ecosystem/grpc-gateway/v2/protoc-gen-grpc-gateway/internal/gengateway/template.go:241.2,247.60 2 1
github.com/grpc-ecosystem/grpc-gateway/v2/protoc-gen-grpc-gateway/internal/gengateway/template.go:247.60,249.3 1 0
github.com/grpc-ecosystem/grpc-gateway/v2/protoc-gen-grpc-gateway/internal/gengateway/template.go:251.2,251.55 1 1
github.com/grpc-ecosystem/grpc-gateway/v2/protoc-gen-grpc-gateway/internal/gengateway/template.go:251.55,253.3 1 0
github.com/grpc-ecosystem/grpc-gateway/v2/protoc-gen-grpc-gateway/internal/gengateway/template.go:257.2,257.40 1 1
